<?xml version="1.0" encoding="UTF-8"?>
<testsuite name="tictacto.MyUnitTest" tests="10" skipped="0" failures="0" errors="0" timestamp="2015-11-03T18:37:06" hostname="i-7f3b5dd9.csd07cloud.internal" time="0.013">
  <properties/>
  <testcase name="firstPlayerMarkTest" classname="tictacto.MyUnitTest" time="0.002"/>
  <testcase name="illegalPositionPlayGameTest" classname="tictacto.MyUnitTest" time="0.001"/>
  <testcase name="changePlayerTest" classname="tictacto.MyUnitTest" time="0.0"/>
  <testcase name="acrossToLeftIsThereAWinnerTest" classname="tictacto.MyUnitTest" time="0.0"/>
  <testcase name="resetBoardTest" classname="tictacto.MyUnitTest" time="0.0"/>
  <testcase name="cellAlreadyTakenPlayGameTest" classname="tictacto.MyUnitTest" time="0.0"/>
  <testcase name="rowsIsThereAWinnerTest" classname="tictacto.MyUnitTest" time="0.001"/>
  <testcase name="columnsIsThereAWinnerTest" classname="tictacto.MyUnitTest" time="0.0"/>
  <testcase name="acrossToRightIsThereAWinnerTest" classname="tictacto.MyUnitTest" time="0.0"/>
  <testcase name="isboardFullTest" classname="tictacto.MyUnitTest" time="0.001"/>
  <system-out><![CDATA[]]></system-out>
  <system-err><![CDATA[]]></system-err>
</testsuite>
