<?xml version="1.0" encoding="UTF-8"?>
<testsuite name="hello.MyUnitTest" tests="11" skipped="0" failures="0" errors="0" timestamp="2015-11-01T19:01:14" hostname="i-7f3b5dd9.csd07cloud.internal" time="0.012">
  <properties/>
  <testcase name="firstPlayerMarkTest" classname="hello.MyUnitTest" time="0.003"/>
  <testcase name="illegalPositionPlayGameTest" classname="hello.MyUnitTest" time="0.0"/>
  <testcase name="changePlayerTest" classname="hello.MyUnitTest" time="0.001"/>
  <testcase name="acrossToLeftIsThereAWinnerTest" classname="hello.MyUnitTest" time="0.0"/>
  <testcase name="resetBoardTest" classname="hello.MyUnitTest" time="0.0"/>
  <testcase name="boardSizeTest" classname="hello.MyUnitTest" time="0.0"/>
  <testcase name="cellAlreadyTakenPlayGameTest" classname="hello.MyUnitTest" time="0.0"/>
  <testcase name="rowsIsThereAWinnerTest" classname="hello.MyUnitTest" time="0.0"/>
  <testcase name="columnsIsThereAWinnerTest" classname="hello.MyUnitTest" time="0.0"/>
  <testcase name="acrossToRightIsThereAWinnerTest" classname="hello.MyUnitTest" time="0.0"/>
  <testcase name="isboardFullTest" classname="hello.MyUnitTest" time="0.0"/>
  <system-out><![CDATA[]]></system-out>
  <system-err><![CDATA[]]></system-err>
</testsuite>
