<?xml version="1.0" encoding="UTF-8"?>
<testsuite name="game.MyUnitTest" tests="11" skipped="0" failures="0" errors="0" timestamp="2015-11-02T13:31:29" hostname="i-7f3b5dd9.csd07cloud.internal" time="0.005">
  <properties/>
  <testcase name="firstPlayerMarkTest" classname="game.MyUnitTest" time="0.002"/>
  <testcase name="illegalPositionPlayGameTest" classname="game.MyUnitTest" time="0.0"/>
  <testcase name="changePlayerTest" classname="game.MyUnitTest" time="0.0"/>
  <testcase name="acrossToLeftIsThereAWinnerTest" classname="game.MyUnitTest" time="0.0"/>
  <testcase name="resetBoardTest" classname="game.MyUnitTest" time="0.0"/>
  <testcase name="boardSizeTest" classname="game.MyUnitTest" time="0.0"/>
  <testcase name="cellAlreadyTakenPlayGameTest" classname="game.MyUnitTest" time="0.0"/>
  <testcase name="rowsIsThereAWinnerTest" classname="game.MyUnitTest" time="0.0"/>
  <testcase name="columnsIsThereAWinnerTest" classname="game.MyUnitTest" time="0.001"/>
  <testcase name="acrossToRightIsThereAWinnerTest" classname="game.MyUnitTest" time="0.0"/>
  <testcase name="isboardFullTest" classname="game.MyUnitTest" time="0.0"/>
  <system-out><![CDATA[]]></system-out>
  <system-err><![CDATA[]]></system-err>
</testsuite>
