<?xml version="1.0" encoding="UTF-8"?>
<testsuite name="hello.MyUnitTest" tests="1" skipped="0" failures="0" errors="0" timestamp="2015-11-02T12:09:12" hostname="i-7f3b5dd9.csd07cloud.internal" time="0.003">
  <properties/>
  <testcase name="ResetBoardTest" classname="hello.MyUnitTest" time="0.003"/>
  <system-out><![CDATA[]]></system-out>
  <system-err><![CDATA[]]></system-err>
</testsuite>
